Traceback (most recent call last):
  File "C:\Users\gayan.gunaratne\.conda\envs\coastal\lib\site-packages\jupyter_cache\executors\utils.py", line 58, in single_nb_execution
    executenb(
  File "C:\Users\gayan.gunaratne\.conda\envs\coastal\lib\site-packages\nbclient\client.py", line 1265, in execute
    return NotebookClient(nb=nb, resources=resources, km=km, **kwargs).execute()
  File "C:\Users\gayan.gunaratne\.conda\envs\coastal\lib\site-packages\jupyter_core\utils\__init__.py", line 168, in wrapped
    return loop.run_until_complete(inner)
  File "C:\Users\gayan.gunaratne\.conda\envs\coastal\lib\asyncio\base_events.py", line 649, in run_until_complete
    return future.result()
  File "C:\Users\gayan.gunaratne\.conda\envs\coastal\lib\site-packages\nbclient\client.py", line 703, in async_execute
    await self.async_execute_cell(
  File "C:\Users\gayan.gunaratne\.conda\envs\coastal\lib\site-packages\nbclient\client.py", line 1021, in async_execute_cell
    await self._check_raise_for_error(cell, cell_index, exec_reply)
  File "C:\Users\gayan.gunaratne\.conda\envs\coastal\lib\site-packages\nbclient\client.py", line 915, in _check_raise_for_error
    raise CellExecutionError.from_cell_and_msg(cell, exec_reply_content)
nbclient.exceptions.CellExecutionError: An error occurred while executing the following cell:
------------------
# Create a figure with three subplots
fig, axs = plt.subplots(nrows=3, ncols=1, figsize=(10, 10))

# Plot timeseries for 'VOLUME [m^3]'
axs[0].plot(df_slicemass['TIME'], df_slicemass['VOLUME [m^3]'],color='#005581')
#axs[0].set_title('Volume')
#axs[0].set_xlabel('Time')
axs[0].set_ylabel('Volume [$m^3$]')
axs[0].tick_params(axis='x', rotation=0)

# Plot timeseries for 'TRACE_1_MASS [g]'
axs[1].plot(df_slicemass['TIME'], df_slicemass['TRACE_1_MASS [g]'],color='#005581')
#axs[1].set_title('Tracer Mass')
#axs[1].set_xlabel('Time')
axs[1].set_ylabel('Tracer Mass [g]')
axs[1].tick_params(axis='x', rotation=0)

# Plot timeseries for 'Tracer Concentration'
axs[2].plot(df_slicemass['TIME'], df_slicemass['TRACE_1_CONC'],color='#005581')
#axs[2].set_title('Tracer Concentration')
#axs[2].set_xlabel('Time')
axs[2].set_ylim(99.4, 100.4)
axs[2].set_ylabel('Concentration [mg/L]')
axs[2].tick_params(axis='x', rotation=0)

# Format the y-axis ticks using ScalarFormatter
formatter = ScalarFormatter(useMathText=True)
formatter.set_scientific(True)
formatter.set_powerlimits((-3, 3))  # Change these values to control the range of exponents
axs[2].yaxis.set_major_formatter(formatter)

# Adjust the layout of the subplots
plt.tight_layout()

# Show the figure
plt.show()
fig.savefig('../figures/SiteA_Mass_Balance_highdif1.png',dpi=300)
#fig.savefig('my_figure.png', dpi=300, bbox_inches='tight')

------------------

[1;31m---------------------------------------------------------------------------[0m
[1;31mFileNotFoundError[0m                         Traceback (most recent call last)
Cell [1;32mIn[5], line 37[0m
[0;32m     35[0m [38;5;66;03m# Show the figure[39;00m
[0;32m     36[0m plt[38;5;241m.[39mshow()
[1;32m---> 37[0m [43mfig[49m[38;5;241;43m.[39;49m[43msavefig[49m[43m([49m[38;5;124;43m'[39;49m[38;5;124;43m../figures/SiteA_Mass_Balance_highdif1.png[39;49m[38;5;124;43m'[39;49m[43m,[49m[43mdpi[49m[38;5;241;43m=[39;49m[38;5;241;43m300[39;49m[43m)[49m
[0;32m     38[0m [38;5;66;03m#fig.savefig('my_figure.png', dpi=300, bbox_inches='tight')[39;00m

File [1;32m~\.conda\envs\coastal\lib\site-packages\matplotlib\figure.py:3343[0m, in [0;36mFigure.savefig[1;34m(self, fname, transparent, **kwargs)[0m
[0;32m   3339[0m     [38;5;28;01mfor[39;00m ax [38;5;129;01min[39;00m [38;5;28mself[39m[38;5;241m.[39maxes:
[0;32m   3340[0m         stack[38;5;241m.[39menter_context(
[0;32m   3341[0m             ax[38;5;241m.[39mpatch[38;5;241m.[39m_cm_set(facecolor[38;5;241m=[39m[38;5;124m'[39m[38;5;124mnone[39m[38;5;124m'[39m, edgecolor[38;5;241m=[39m[38;5;124m'[39m[38;5;124mnone[39m[38;5;124m'[39m))
[1;32m-> 3343[0m [38;5;28mself[39m[38;5;241m.[39mcanvas[38;5;241m.[39mprint_figure(fname, [38;5;241m*[39m[38;5;241m*[39mkwargs)

File [1;32m~\.conda\envs\coastal\lib\site-packages\matplotlib\backend_bases.py:2366[0m, in [0;36mFigureCanvasBase.print_figure[1;34m(self, filename, dpi, facecolor, edgecolor, orientation, format, bbox_inches, pad_inches, bbox_extra_artists, backend, **kwargs)[0m
[0;32m   2362[0m [38;5;28;01mtry[39;00m:
[0;32m   2363[0m     [38;5;66;03m# _get_renderer may change the figure dpi (as vector formats[39;00m
[0;32m   2364[0m     [38;5;66;03m# force the figure dpi to 72), so we need to set it again here.[39;00m
[0;32m   2365[0m     [38;5;28;01mwith[39;00m cbook[38;5;241m.[39m_setattr_cm([38;5;28mself[39m[38;5;241m.[39mfigure, dpi[38;5;241m=[39mdpi):
[1;32m-> 2366[0m         result [38;5;241m=[39m print_method(
[0;32m   2367[0m             filename,
[0;32m   2368[0m             facecolor[38;5;241m=[39mfacecolor,
[0;32m   2369[0m             edgecolor[38;5;241m=[39medgecolor,
[0;32m   2370[0m             orientation[38;5;241m=[39morientation,
[0;32m   2371[0m             bbox_inches_restore[38;5;241m=[39m_bbox_inches_restore,
[0;32m   2372[0m             [38;5;241m*[39m[38;5;241m*[39mkwargs)
[0;32m   2373[0m [38;5;28;01mfinally[39;00m:
[0;32m   2374[0m     [38;5;28;01mif[39;00m bbox_inches [38;5;129;01mand[39;00m restore_bbox:

File [1;32m~\.conda\envs\coastal\lib\site-packages\matplotlib\backend_bases.py:2232[0m, in [0;36mFigureCanvasBase._switch_canvas_and_return_print_method.<locals>.<lambda>[1;34m(*args, **kwargs)[0m
[0;32m   2228[0m     optional_kws [38;5;241m=[39m {  [38;5;66;03m# Passed by print_figure for other renderers.[39;00m
[0;32m   2229[0m         [38;5;124m"[39m[38;5;124mdpi[39m[38;5;124m"[39m, [38;5;124m"[39m[38;5;124mfacecolor[39m[38;5;124m"[39m, [38;5;124m"[39m[38;5;124medgecolor[39m[38;5;124m"[39m, [38;5;124m"[39m[38;5;124morientation[39m[38;5;124m"[39m,
[0;32m   2230[0m         [38;5;124m"[39m[38;5;124mbbox_inches_restore[39m[38;5;124m"[39m}
[0;32m   2231[0m     skip [38;5;241m=[39m optional_kws [38;5;241m-[39m {[38;5;241m*[39minspect[38;5;241m.[39msignature(meth)[38;5;241m.[39mparameters}
[1;32m-> 2232[0m     print_method [38;5;241m=[39m functools[38;5;241m.[39mwraps(meth)([38;5;28;01mlambda[39;00m [38;5;241m*[39margs, [38;5;241m*[39m[38;5;241m*[39mkwargs: meth(
[0;32m   2233[0m         [38;5;241m*[39margs, [38;5;241m*[39m[38;5;241m*[39m{k: v [38;5;28;01mfor[39;00m k, v [38;5;129;01min[39;00m kwargs[38;5;241m.[39mitems() [38;5;28;01mif[39;00m k [38;5;129;01mnot[39;00m [38;5;129;01min[39;00m skip}))
[0;32m   2234[0m [38;5;28;01melse[39;00m:  [38;5;66;03m# Let third-parties do as they see fit.[39;00m
[0;32m   2235[0m     print_method [38;5;241m=[39m meth

File [1;32m~\.conda\envs\coastal\lib\site-packages\matplotlib\backends\backend_agg.py:509[0m, in [0;36mFigureCanvasAgg.print_png[1;34m(self, filename_or_obj, metadata, pil_kwargs)[0m
[0;32m    462[0m [38;5;28;01mdef[39;00m [38;5;21mprint_png[39m([38;5;28mself[39m, filename_or_obj, [38;5;241m*[39m, metadata[38;5;241m=[39m[38;5;28;01mNone[39;00m, pil_kwargs[38;5;241m=[39m[38;5;28;01mNone[39;00m):
[0;32m    463[0m [38;5;250m    [39m[38;5;124;03m"""[39;00m
[0;32m    464[0m [38;5;124;03m    Write the figure to a PNG file.[39;00m
[0;32m    465[0m 
[1;32m   (...)[0m
[0;32m    507[0m [38;5;124;03m        *metadata*, including the default 'Software' key.[39;00m
[0;32m    508[0m [38;5;124;03m    """[39;00m
[1;32m--> 509[0m     [38;5;28;43mself[39;49m[38;5;241;43m.[39;49m[43m_print_pil[49m[43m([49m[43mfilename_or_obj[49m[43m,[49m[43m [49m[38;5;124;43m"[39;49m[38;5;124;43mpng[39;49m[38;5;124;43m"[39;49m[43m,[49m[43m [49m[43mpil_kwargs[49m[43m,[49m[43m [49m[43mmetadata[49m[43m)[49m

File [1;32m~\.conda\envs\coastal\lib\site-packages\matplotlib\backends\backend_agg.py:458[0m, in [0;36mFigureCanvasAgg._print_pil[1;34m(self, filename_or_obj, fmt, pil_kwargs, metadata)[0m
[0;32m    453[0m [38;5;250m[39m[38;5;124;03m"""[39;00m
[0;32m    454[0m [38;5;124;03mDraw the canvas, then save it using `.image.imsave` (to which[39;00m
[0;32m    455[0m [38;5;124;03m*pil_kwargs* and *metadata* are forwarded).[39;00m
[0;32m    456[0m [38;5;124;03m"""[39;00m
[0;32m    457[0m FigureCanvasAgg[38;5;241m.[39mdraw([38;5;28mself[39m)
[1;32m--> 458[0m [43mmpl[49m[38;5;241;43m.[39;49m[43mimage[49m[38;5;241;43m.[39;49m[43mimsave[49m[43m([49m
[0;32m    459[0m [43m    [49m[43mfilename_or_obj[49m[43m,[49m[43m [49m[38;5;28;43mself[39;49m[38;5;241;43m.[39;49m[43mbuffer_rgba[49m[43m([49m[43m)[49m[43m,[49m[43m [49m[38;5;28;43mformat[39;49m[38;5;241;43m=[39;49m[43mfmt[49m[43m,[49m[43m [49m[43morigin[49m[38;5;241;43m=[39;49m[38;5;124;43m"[39;49m[38;5;124;43mupper[39;49m[38;5;124;43m"[39;49m[43m,[49m
[0;32m    460[0m [43m    [49m[43mdpi[49m[38;5;241;43m=[39;49m[38;5;28;43mself[39;49m[38;5;241;43m.[39;49m[43mfigure[49m[38;5;241;43m.[39;49m[43mdpi[49m[43m,[49m[43m [49m[43mmetadata[49m[38;5;241;43m=[39;49m[43mmetadata[49m[43m,[49m[43m [49m[43mpil_kwargs[49m[38;5;241;43m=[39;49m[43mpil_kwargs[49m[43m)[49m

File [1;32m~\.conda\envs\coastal\lib\site-packages\matplotlib\image.py:1689[0m, in [0;36mimsave[1;34m(fname, arr, vmin, vmax, cmap, format, origin, dpi, metadata, pil_kwargs)[0m
[0;32m   1687[0m pil_kwargs[38;5;241m.[39msetdefault([38;5;124m"[39m[38;5;124mformat[39m[38;5;124m"[39m, [38;5;28mformat[39m)
[0;32m   1688[0m pil_kwargs[38;5;241m.[39msetdefault([38;5;124m"[39m[38;5;124mdpi[39m[38;5;124m"[39m, (dpi, dpi))
[1;32m-> 1689[0m image[38;5;241m.[39msave(fname, [38;5;241m*[39m[38;5;241m*[39mpil_kwargs)

File [1;32m~\.conda\envs\coastal\lib\site-packages\PIL\Image.py:2428[0m, in [0;36mImage.save[1;34m(self, fp, format, **params)[0m
[0;32m   2426[0m         fp [38;5;241m=[39m builtins[38;5;241m.[39mopen(filename, [38;5;124m"[39m[38;5;124mr+b[39m[38;5;124m"[39m)
[0;32m   2427[0m     [38;5;28;01melse[39;00m:
[1;32m-> 2428[0m         fp [38;5;241m=[39m [43mbuiltins[49m[38;5;241;43m.[39;49m[43mopen[49m[43m([49m[43mfilename[49m[43m,[49m[43m [49m[38;5;124;43m"[39;49m[38;5;124;43mw+b[39;49m[38;5;124;43m"[39;49m[43m)[49m
[0;32m   2430[0m [38;5;28;01mtry[39;00m:
[0;32m   2431[0m     save_handler([38;5;28mself[39m, fp, filename)

[1;31mFileNotFoundError[0m: [Errno 2] No such file or directory: '../figures/SiteA_Mass_Balance_highdif1.png'
FileNotFoundError: [Errno 2] No such file or directory: '../figures/SiteA_Mass_Balance_highdif1.png'

